WARNING: You are currently using Node.js v25.2.1, which is not supported by Hardhat. This can lead to unexpected behavior. See https://v2.hardhat.org/nodejs-versions


[dotenv@17.2.3] injecting env (3) from .env -- tip: ⚙️  write to custom object with { processEnv: myObject }
Started HTTP and WebSocket JSON-RPC server at http://127.0.0.1:8545/

Accounts
========

WARNING: These accounts, and their private keys, are publicly known.
Any funds sent to them on Mainnet or any other live network WILL BE LOST.

Account #0: 0xf39Fd6e51aad88F6F4ce6aB8827279cffFb92266 (10000 ETH)
Private Key: 0xac0974bec39a17e36ba4a6b4d238ff944bacb478cbed5efcae784d7bf4f2ff80

Account #1: 0x70997970C51812dc3A010C7d01b50e0d17dc79C8 (10000 ETH)
Private Key: 0x59c6995e998f97a5a0044966f0945389dc9e86dae88c7a8412f4603b6b78690d

Account #2: 0x3C44CdDdB6a900fa2b585dd299e03d12FA4293BC (10000 ETH)
Private Key: 0x5de4111afa1a4b94908f83103eb1f1706367c2e68ca870fc3fb9a804cdab365a

Account #3: 0x90F79bf6EB2c4f870365E785982E1f101E93b906 (10000 ETH)
Private Key: 0x7c852118294e51e653712a81e05800f419141751be58f605c371e15141b007a6

Account #4: 0x15d34AAf54267DB7D7c367839AAf71A00a2C6A65 (10000 ETH)
Private Key: 0x47e179ec197488593b187f80a00eb0da91f1b9d0b13f8733639f19c30a34926a

Account #5: 0x9965507D1a55bcC2695C58ba16FB37d819B0A4dc (10000 ETH)
Private Key: 0x8b3a350cf5c34c9194ca85829a2df0ec3153be0318b5e2d3348e872092edffba

Account #6: 0x976EA74026E726554dB657fA54763abd0C3a0aa9 (10000 ETH)
Private Key: 0x92db14e403b83dfe3df233f83dfa3a0d7096f21ca9b0d6d6b8d88b2b4ec1564e

Account #7: 0x14dC79964da2C08b23698B3D3cc7Ca32193d9955 (10000 ETH)
Private Key: 0x4bbbf85ce3377467afe5d46f804f221813b2bb87f24d81f60f1fcdbf7cbf4356

Account #8: 0x23618e81E3f5cdF7f54C3d65f7FBc0aBf5B21E8f (10000 ETH)
Private Key: 0xdbda1821b80551c9d65939329250298aa3472ba22feea921c0cf5d620ea67b97

Account #9: 0xa0Ee7A142d267C1f36714E4a8F75612F20a79720 (10000 ETH)
Private Key: 0x2a871d0798f97d79848a013d4936a73bf4cc922c825d33c1cf7073dff6d409c6

Account #10: 0xBcd4042DE499D14e55001CcbB24a551F3b954096 (10000 ETH)
Private Key: 0xf214f2b2cd398c806f84e317254e0f0b801d0643303237d97a22a48e01628897

Account #11: 0x71bE63f3384f5fb98995898A86B02Fb2426c5788 (10000 ETH)
Private Key: 0x701b615bbdfb9de65240bc28bd21bbc0d996645a3dd57e7b12bc2bdf6f192c82

Account #12: 0xFABB0ac9d68B0B445fB7357272Ff202C5651694a (10000 ETH)
Private Key: 0xa267530f49f8280200edf313ee7af6b827f2a8bce2897751d06a843f644967b1

Account #13: 0x1CBd3b2770909D4e10f157cABC84C7264073C9Ec (10000 ETH)
Private Key: 0x47c99abed3324a2707c28affff1267e45918ec8c3f20b8aa892e8b065d2942dd

Account #14: 0xdF3e18d64BC6A983f673Ab319CCaE4f1a57C7097 (10000 ETH)
Private Key: 0xc526ee95bf44d8fc405a158bb884d9d1238d99f0612e9f33d006bb0789009aaa

Account #15: 0xcd3B766CCDd6AE721141F452C550Ca635964ce71 (10000 ETH)
Private Key: 0x8166f546bab6da521a8369cab06c5d2b9e46670292d85c875ee9ec20e84ffb61

Account #16: 0x2546BcD3c84621e976D8185a91A922aE77ECEc30 (10000 ETH)
Private Key: 0xea6c44ac03bff858b476bba40716402b03e41b8e97e276d1baec7c37d42484a0

Account #17: 0xbDA5747bFD65F08deb54cb465eB87D40e51B197E (10000 ETH)
Private Key: 0x689af8efa8c651a91ad287602527f3af2fe9f6501a7ac4b061667b5a93e037fd

Account #18: 0xdD2FD4581271e230360230F9337D5c0430Bf44C0 (10000 ETH)
Private Key: 0xde9be858da4a475276426320d5e9262ecfc3ba460bfac56360bfa6c4c28b4ee0

Account #19: 0x8626f6940E2eb28930eFb4CeF49B2d1F2C9C1199 (10000 ETH)
Private Key: 0xdf57089febbacf7ba0bc227dafbffa9fc08a93fdc68e1e42411a14efcf23656e

WARNING: These accounts, and their private keys, are publicly known.
Any funds sent to them on Mainnet or any other live network WILL BE LOST.

[32meth_accounts[0m
[32mhardhat_metadata[0m
[32mhardhat_metadata (2)[0m
[32mhardhat_metadata (3)[0m
[32mhardhat_metadata (4)[0m
[32mhardhat_metadata (5)[0m
[32mhardhat_metadata (6)[0m
[32mhardhat_metadata (7)[0m
[32mhardhat_metadata (8)[0m
[32mhardhat_metadata (9)[0m
[32mhardhat_metadata (10)[0m
[32mhardhat_metadata (11)[0m
[32mhardhat_metadata (12)[0m
[32mhardhat_metadata (13)[0m
[32mhardhat_metadata (14)[0m
[32mhardhat_metadata (15)[0m
[32mhardhat_metadata (16)[0m
[32mhardhat_metadata (17)[0m
[32mhardhat_metadata (18)[0m
[32mhardhat_metadata (19)[0m
[32mhardhat_metadata (20)[0m
[32meth_accounts[0m
[32mhardhat_metadata[0m
[32mhardhat_metadata (2)[0m
[32mhardhat_metadata (3)[0m
[32mhardhat_metadata (4)[0m
[32mhardhat_metadata (5)[0m
[32mhardhat_metadata (6)[0m
[32mhardhat_metadata (7)[0m
[32mhardhat_metadata (8)[0m
[32mhardhat_metadata (9)[0m
[32mhardhat_metadata (10)[0m
[32mhardhat_metadata (11)[0m
[32mhardhat_metadata (12)[0m
[32mhardhat_metadata (13)[0m
[32mhardhat_metadata (14)[0m
[32mhardhat_metadata (15)[0m
[32mhardhat_metadata (16)[0m
[32mhardhat_metadata (17)[0m
[32mhardhat_metadata (18)[0m
[32mhardhat_metadata (19)[0m
[32mhardhat_metadata (20)[0m
[32meth_blockNumber[0m
[32meth_getBlockByNumber[0m
[32meth_feeHistory[0m
[32meth_maxPriorityFeePerGas[0m
[32meth_sendTransaction[0m
  Contract deployment: MockUSDC
  Contract address:    0x5fbdb2315678afecb367f032d93f642f64180aa3
  Transaction:         0xadf7ea144333896cfaefbb908395ad5e80d72704c15f07240c75e1d16a176df9
  From:                0xf39fd6e51aad88f6f4ce6ab8827279cfffb92266
  Value:               0 ETH
  Gas used:            1003405 of 30000000
  Block #1:            0x60446e6919332994717432c83bb99ee52e89bc9dbcceb96e439a908edb1c7f73

[32meth_getTransactionByHash[0m
[32meth_getTransactionReceipt[0m
[32meth_accounts[0m
[32mhardhat_metadata[0m
[32mhardhat_metadata (2)[0m
[32mhardhat_metadata (3)[0m
[32mhardhat_metadata (4)[0m
[32mhardhat_metadata (5)[0m
[32mhardhat_metadata (6)[0m
[32mhardhat_metadata (7)[0m
[32mhardhat_metadata (8)[0m
[32mhardhat_metadata (9)[0m
[32mhardhat_metadata (10)[0m
[32mhardhat_metadata (11)[0m
[32mhardhat_metadata (12)[0m
[32mhardhat_metadata (13)[0m
[32mhardhat_metadata (14)[0m
[32mhardhat_metadata (15)[0m
[32mhardhat_metadata (16)[0m
[32mhardhat_metadata (17)[0m
[32mhardhat_metadata (18)[0m
[32mhardhat_metadata (19)[0m
[32mhardhat_metadata (20)[0m
[32meth_blockNumber[0m
[32meth_feeHistory[0m
[32meth_sendTransaction[0m
  Contract deployment: ReputationNFT
  Contract address:    0xe7f1725e7734ce288f8367e1bb143e90bb3f0512
  Transaction:         0xd1528d3f00d421a06796337fbeda486f75edfc6aaf0375399cbd51d1be33cd1c
  From:                0xf39fd6e51aad88f6f4ce6ab8827279cfffb92266
  Value:               0 ETH
  Gas used:            2415849 of 30000000
  Block #2:            0x803160f63b5e71be22dade05fe323a65d21899f595e1215cf0748d90a002c503

[32meth_getTransactionByHash[0m
[32meth_getTransactionReceipt[0m
[32meth_accounts[0m
[32mhardhat_metadata[0m
[32mhardhat_metadata (2)[0m
[32mhardhat_metadata (3)[0m
[32mhardhat_metadata (4)[0m
[32mhardhat_metadata (5)[0m
[32mhardhat_metadata (6)[0m
[32mhardhat_metadata (7)[0m
[32mhardhat_metadata (8)[0m
[32mhardhat_metadata (9)[0m
[32mhardhat_metadata (10)[0m
[32mhardhat_metadata (11)[0m
[32mhardhat_metadata (12)[0m
[32mhardhat_metadata (13)[0m
[32mhardhat_metadata (14)[0m
[32mhardhat_metadata (15)[0m
[32mhardhat_metadata (16)[0m
[32mhardhat_metadata (17)[0m
[32mhardhat_metadata (18)[0m
[32mhardhat_metadata (19)[0m
[32mhardhat_metadata (20)[0m
[32meth_blockNumber[0m
[32meth_feeHistory[0m
[32meth_sendTransaction[0m
  Contract deployment: PokerGameManager
  Contract address:    0x9fe46736679d2d9a65f0992f2272de9f3c7fa6e0
  Transaction:         0xe05e6f2916e03226ff1295b389cb283675eadacc595494648113ee46885e03c8
  From:                0xf39fd6e51aad88f6f4ce6ab8827279cfffb92266
  Value:               0 ETH
  Gas used:            1557158 of 30000000
  Block #3:            0x21cf20e4dacc6974bfd48f250e47f2d16a027aab2c414ebf6fe7e1644f5cb6ec

[32meth_getTransactionByHash[0m
[32meth_getTransactionReceipt[0m
[32meth_blockNumber[0m
[32meth_feeHistory[0m
[32meth_sendTransaction[0m
  Contract call:       ReputationNFT#transferOwnership
  Transaction:         0xc35127d803ba7c75fe3fab069d7e132f50f64fedcd3ad71cbd7c464377ebfd9e
  From:                0xf39fd6e51aad88f6f4ce6ab8827279cfffb92266
  To:                  0xe7f1725e7734ce288f8367e1bb143e90bb3f0512
  Value:               0 ETH
  Gas used:            29086 of 30000000
  Block #4:            0xb648a84b6c186db2851a87b41ae3342fac38a5d0efe5e4f117ae79a8f18cf557

[32meth_getTransactionByHash[0m
[32meth_accounts[0m
[32mhardhat_metadata[0m
[32mhardhat_metadata (2)[0m
[32mhardhat_metadata (3)[0m
[32mhardhat_metadata (4)[0m
[32mhardhat_metadata (5)[0m
[32mhardhat_metadata (6)[0m
[32mhardhat_metadata (7)[0m
[32mhardhat_metadata (8)[0m
[32mhardhat_metadata (9)[0m
[32mhardhat_metadata (10)[0m
[32mhardhat_metadata (11)[0m
[32mhardhat_metadata (12)[0m
[32mhardhat_metadata (13)[0m
[32mhardhat_metadata (14)[0m
[32mhardhat_metadata (15)[0m
[32mhardhat_metadata (16)[0m
[32mhardhat_metadata (17)[0m
[32mhardhat_metadata (18)[0m
[32mhardhat_metadata (19)[0m
[32mhardhat_metadata (20)[0m
[32meth_blockNumber[0m
[32meth_feeHistory[0m
[32meth_sendTransaction[0m
  Contract deployment: MiddlemanVault
  Contract address:    0xdc64a140aa3e981100a9beca4e685f962f0cf6c9
  Transaction:         0x874fd72789d795aaa483c76a38146f19266114d62125c82a98ecaa4c604da1b5
  From:                0xf39fd6e51aad88f6f4ce6ab8827279cfffb92266
  Value:               0 ETH
  Gas used:            981641 of 30000000
  Block #5:            0x496ec14f5224153c8c37d5998939183e0da805433014bc0a6898eac2f3fa23c1

[32meth_getTransactionByHash[0m
[32meth_getTransactionReceipt[0m
[32meth_chainId[0m
[32meth_newFilter[0m
[32meth_chainId[0m
[32meth_getFilterChanges[0m
[32meth_blockNumber[0m
[32meth_blockNumber (2)[0m
[32meth_blockNumber (3)[0m
[32meth_blockNumber (4)[0m
[32meth_blockNumber (5)[0m
[32meth_blockNumber (6)[0m
[32meth_blockNumber (7)[0m
[32meth_blockNumber (8)[0m
[32meth_blockNumber (9)[0m
[32meth_blockNumber (10)[0m
[32meth_blockNumber (11)[0m
[32meth_blockNumber (12)[0m
[32meth_blockNumber (13)[0m
[32meth_blockNumber (14)[0m
[32meth_blockNumber (15)[0m
[32meth_blockNumber (16)[0m
[32meth_blockNumber (17)[0m
[32meth_blockNumber (18)[0m
[32meth_blockNumber (19)[0m
[32meth_blockNumber (20)[0m
[32meth_blockNumber (21)[0m
[32meth_blockNumber (22)[0m
[32meth_blockNumber (23)[0m
[32meth_blockNumber (24)[0m
[32meth_blockNumber (25)[0m
[32meth_blockNumber (26)[0m
[32meth_blockNumber (27)[0m
[32meth_blockNumber (28)[0m
[32meth_blockNumber (29)[0m
[32meth_blockNumber (30)[0m
[32meth_blockNumber (31)[0m
[32meth_blockNumber (32)[0m
[32meth_blockNumber (33)[0m
[32meth_blockNumber (34)[0m
[32meth_blockNumber (35)[0m
[32meth_blockNumber (36)[0m
[32meth_blockNumber (37)[0m
[32meth_blockNumber (38)[0m
[32meth_blockNumber (39)[0m
[32meth_blockNumber (40)[0m
[32meth_blockNumber (41)[0m
[32meth_blockNumber (42)[0m
[32meth_blockNumber (43)[0m
[32meth_blockNumber (44)[0m
[32meth_blockNumber (45)[0m
[32meth_blockNumber (46)[0m
[32meth_blockNumber (47)[0m
[32meth_blockNumber (48)[0m
[32meth_blockNumber (49)[0m
[32meth_blockNumber (50)[0m
[32meth_blockNumber (51)[0m
[32meth_blockNumber (52)[0m
[32meth_blockNumber (53)[0m
[32meth_blockNumber (54)[0m
[32meth_blockNumber (55)[0m
[32meth_blockNumber (56)[0m
[32meth_blockNumber (57)[0m
[32meth_blockNumber (58)[0m
[32meth_blockNumber (59)[0m
[32meth_blockNumber (60)[0m
[32meth_blockNumber (61)[0m
[32meth_blockNumber (62)[0m
[32meth_blockNumber (63)[0m
[32meth_blockNumber (64)[0m
[32meth_blockNumber (65)[0m
[32meth_blockNumber (66)[0m
[32meth_blockNumber (67)[0m
[32meth_blockNumber (68)[0m
[32meth_blockNumber (69)[0m
[32meth_blockNumber (70)[0m
[32meth_blockNumber (71)[0m
[32meth_blockNumber (72)[0m
[32meth_blockNumber (73)[0m
[32meth_blockNumber (74)[0m
[32meth_blockNumber (75)[0m
[32meth_blockNumber (76)[0m
[32meth_blockNumber (77)[0m
[32meth_blockNumber (78)[0m
[32meth_blockNumber (79)[0m
[32meth_blockNumber (80)[0m
[32meth_blockNumber (81)[0m
[32meth_blockNumber (82)[0m
[32meth_blockNumber (83)[0m
[32meth_blockNumber (84)[0m
[32meth_blockNumber (85)[0m
[32meth_blockNumber (86)[0m
[32meth_blockNumber (87)[0m
[32meth_blockNumber (88)[0m
[32meth_blockNumber (89)[0m
[32meth_blockNumber (90)[0m
[32meth_blockNumber (91)[0m
[32meth_blockNumber (92)[0m
[32meth_blockNumber (93)[0m
[32meth_blockNumber (94)[0m
[32meth_blockNumber (95)[0m
[32meth_blockNumber (96)[0m
[32meth_blockNumber (97)[0m
[32meth_blockNumber (98)[0m
[32meth_blockNumber (99)[0m
[32meth_blockNumber (100)[0m
[32meth_blockNumber (101)[0m
[32meth_blockNumber (102)[0m
[32meth_blockNumber (103)[0m
[32meth_blockNumber (104)[0m
[32meth_blockNumber (105)[0m
[32meth_blockNumber (106)[0m
[32meth_blockNumber (107)[0m
[32meth_blockNumber (108)[0m
[32meth_blockNumber (109)[0m
[32meth_blockNumber (110)[0m
[32meth_blockNumber (111)[0m
[32meth_blockNumber (112)[0m
[32meth_blockNumber (113)[0m
[32meth_blockNumber (114)[0m
[32meth_blockNumber (115)[0m
[32meth_blockNumber (116)[0m
[32meth_blockNumber (117)[0m
[32meth_blockNumber (118)[0m
[32meth_blockNumber (119)[0m
[32meth_blockNumber (120)[0m
[32meth_blockNumber (121)[0m
[32meth_blockNumber (122)[0m
[32meth_blockNumber (123)[0m
[32meth_blockNumber (124)[0m
[32meth_blockNumber (125)[0m
[32meth_blockNumber (126)[0m
[32meth_blockNumber (127)[0m
[32meth_blockNumber (128)[0m
[32meth_blockNumber (129)[0m
[32meth_blockNumber (130)[0m
[32meth_blockNumber (131)[0m
[32meth_blockNumber (132)[0m
[32meth_blockNumber (133)[0m
[32meth_blockNumber (134)[0m
[32meth_blockNumber (135)[0m
[32meth_blockNumber (136)[0m
[32meth_blockNumber (137)[0m
[32meth_blockNumber (138)[0m
[32meth_blockNumber (139)[0m
[32meth_blockNumber (140)[0m
[32meth_blockNumber (141)[0m
[32meth_blockNumber (142)[0m
[32meth_blockNumber (143)[0m
[32meth_blockNumber (144)[0m
[32meth_blockNumber (145)[0m
[32meth_blockNumber (146)[0m
[32meth_blockNumber (147)[0m
[32meth_blockNumber (148)[0m
[32meth_blockNumber (149)[0m
[32meth_blockNumber (150)[0m
[32meth_blockNumber (151)[0m
[32meth_blockNumber (152)[0m
[32meth_blockNumber (153)[0m
[32meth_blockNumber (154)[0m
[32meth_blockNumber (155)[0m
[32meth_blockNumber (156)[0m
[32meth_blockNumber (157)[0m
[32meth_blockNumber (158)[0m
[32meth_blockNumber (159)[0m
[32meth_blockNumber (160)[0m
[32meth_blockNumber (161)[0m
[32meth_blockNumber (162)[0m
[32meth_blockNumber (163)[0m
[32meth_blockNumber (164)[0m
[32meth_blockNumber (165)[0m
[32meth_blockNumber (166)[0m
[32meth_blockNumber (167)[0m
[32meth_blockNumber (168)[0m
[32meth_blockNumber (169)[0m
[32meth_blockNumber (170)[0m
[32meth_blockNumber (171)[0m
[32meth_blockNumber (172)[0m
[32meth_blockNumber (173)[0m
[32meth_blockNumber (174)[0m
[32meth_blockNumber (175)[0m
[32meth_blockNumber (176)[0m
[32meth_blockNumber (177)[0m
[32meth_blockNumber (178)[0m
[32meth_blockNumber (179)[0m
[32meth_blockNumber (180)[0m
[32meth_blockNumber (181)[0m
[32meth_blockNumber (182)[0m
[32meth_blockNumber (183)[0m
[32meth_blockNumber (184)[0m
[32meth_blockNumber (185)[0m
[32meth_blockNumber (186)[0m
[32meth_blockNumber (187)[0m
[32meth_blockNumber (188)[0m
[32meth_blockNumber (189)[0m
[32meth_blockNumber (190)[0m
[32meth_blockNumber (191)[0m
[32meth_blockNumber (192)[0m
[32meth_blockNumber (193)[0m
[32meth_blockNumber (194)[0m
[32meth_blockNumber (195)[0m
[32meth_blockNumber (196)[0m
[32meth_blockNumber (197)[0m
[32meth_blockNumber (198)[0m
[32meth_blockNumber (199)[0m
[32meth_blockNumber (200)[0m
[32meth_blockNumber (201)[0m
[32meth_blockNumber (202)[0m
[32meth_blockNumber (203)[0m
[32meth_blockNumber (204)[0m
[32meth_blockNumber (205)[0m
[32meth_blockNumber (206)[0m
[32meth_blockNumber (207)[0m
[32meth_blockNumber (208)[0m
[32meth_blockNumber (209)[0m
[32meth_blockNumber (210)[0m
[32meth_blockNumber (211)[0m
[32meth_blockNumber (212)[0m
[32meth_blockNumber (213)[0m
[32meth_blockNumber (214)[0m
[32meth_blockNumber (215)[0m
[32meth_blockNumber (216)[0m
[32meth_blockNumber (217)[0m
[32meth_blockNumber (218)[0m
[32meth_blockNumber (219)[0m
[32meth_blockNumber (220)[0m
[32meth_blockNumber (221)[0m
[32meth_blockNumber (222)[0m
[32meth_blockNumber (223)[0m
[32meth_blockNumber (224)[0m
[32meth_blockNumber (225)[0m
[32meth_blockNumber (226)[0m
[32meth_blockNumber (227)[0m
[32meth_blockNumber (228)[0m
[32meth_blockNumber (229)[0m
[32meth_blockNumber (230)[0m
[32meth_blockNumber (231)[0m
[32meth_blockNumber (232)[0m
[32meth_blockNumber (233)[0m
[32meth_blockNumber (234)[0m
[32meth_blockNumber (235)[0m
[32meth_blockNumber (236)[0m
[32meth_blockNumber (237)[0m
[32meth_blockNumber (238)[0m
[32meth_blockNumber (239)[0m
[32meth_blockNumber (240)[0m
[32meth_blockNumber (241)[0m
[32meth_blockNumber (242)[0m
[32meth_blockNumber (243)[0m
[32meth_blockNumber (244)[0m
[32meth_blockNumber (245)[0m
[32meth_blockNumber (246)[0m
[32meth_blockNumber (247)[0m
[32meth_blockNumber (248)[0m
[32meth_blockNumber (249)[0m
[32meth_blockNumber (250)[0m
[32meth_blockNumber (251)[0m
[32meth_blockNumber (252)[0m
[32meth_blockNumber (253)[0m
[32meth_blockNumber (254)[0m
[32meth_blockNumber (255)[0m
[32meth_blockNumber (256)[0m
[32meth_blockNumber (257)[0m
[32meth_blockNumber (258)[0m
[32meth_blockNumber (259)[0m
[32meth_blockNumber (260)[0m
[32meth_blockNumber (261)[0m
[32meth_blockNumber (262)[0m
[32meth_blockNumber (263)[0m
[32meth_blockNumber (264)[0m
[32meth_blockNumber (265)[0m
[32meth_blockNumber (266)[0m
[32meth_blockNumber (267)[0m
[32meth_blockNumber (268)[0m
[32meth_blockNumber (269)[0m
[32meth_blockNumber (270)[0m
[32meth_blockNumber (271)[0m
[32meth_blockNumber (272)[0m
[32meth_blockNumber (273)[0m
[32meth_blockNumber (274)[0m
[32meth_blockNumber (275)[0m
[32meth_blockNumber (276)[0m
[32meth_blockNumber (277)[0m
[32meth_blockNumber (278)[0m
[32meth_blockNumber (279)[0m
[32meth_blockNumber (280)[0m
[32meth_blockNumber (281)[0m
[32meth_blockNumber (282)[0m
[32meth_blockNumber (283)[0m
[32meth_blockNumber (284)[0m
[32meth_blockNumber (285)[0m
[32meth_blockNumber (286)[0m
[32meth_blockNumber (287)[0m
[32meth_blockNumber (288)[0m
[32meth_blockNumber (289)[0m
[32meth_blockNumber (290)[0m
[32meth_blockNumber (291)[0m
[32meth_blockNumber (292)[0m
[32meth_blockNumber (293)[0m
[32meth_blockNumber (294)[0m
[32meth_blockNumber (295)[0m
[32meth_blockNumber (296)[0m
[32meth_blockNumber (297)[0m
[32meth_blockNumber (298)[0m
[32meth_blockNumber (299)[0m
[32meth_blockNumber (300)[0m
[32meth_blockNumber (301)[0m
[32meth_blockNumber (302)[0m
[32meth_blockNumber (303)[0m
[32meth_blockNumber (304)[0m
[32meth_blockNumber (305)[0m
[32meth_blockNumber (306)[0m
[32meth_blockNumber (307)[0m
[32meth_blockNumber (308)[0m
[32meth_blockNumber (309)[0m
[32meth_blockNumber (310)[0m
[32meth_blockNumber (311)[0m
[32meth_blockNumber (312)[0m
[32meth_blockNumber (313)[0m
[32meth_blockNumber (314)[0m
[32meth_blockNumber (315)[0m
[32meth_blockNumber (316)[0m
[32meth_blockNumber (317)[0m
[32meth_blockNumber (318)[0m
[32meth_blockNumber (319)[0m
[32meth_blockNumber (320)[0m
[32meth_blockNumber (321)[0m
[32meth_blockNumber (322)[0m
[32meth_blockNumber (323)[0m
[32meth_blockNumber (324)[0m
[32meth_blockNumber (325)[0m
[32meth_blockNumber (326)[0m
[32meth_blockNumber (327)[0m
[32meth_blockNumber (328)[0m
[32meth_blockNumber (329)[0m
[32meth_blockNumber (330)[0m
[32meth_blockNumber (331)[0m
[32meth_blockNumber (332)[0m
[32meth_blockNumber (333)[0m
[32meth_blockNumber (334)[0m
[32meth_blockNumber (335)[0m
[32meth_blockNumber (336)[0m
[32meth_blockNumber (337)[0m
[32meth_blockNumber (338)[0m
[32meth_blockNumber (339)[0m
[32meth_blockNumber (340)[0m
[32meth_blockNumber (341)[0m
[32meth_blockNumber (342)[0m
[32meth_blockNumber (343)[0m
[32meth_blockNumber (344)[0m
[32meth_blockNumber (345)[0m
[32meth_blockNumber (346)[0m
[32meth_blockNumber (347)[0m
[32meth_blockNumber (348)[0m
[32meth_blockNumber (349)[0m
[32meth_blockNumber (350)[0m
[32meth_blockNumber (351)[0m
[32meth_blockNumber (352)[0m
[32meth_blockNumber (353)[0m
[32meth_blockNumber (354)[0m
[32meth_blockNumber (355)[0m
[32meth_blockNumber (356)[0m
[32meth_blockNumber (357)[0m
[32meth_blockNumber (358)[0m
[32meth_blockNumber (359)[0m
[32meth_blockNumber (360)[0m
[32meth_blockNumber (361)[0m
[32meth_blockNumber (362)[0m
[32meth_blockNumber (363)[0m
[32meth_blockNumber (364)[0m
[32meth_blockNumber (365)[0m
[32meth_blockNumber (366)[0m
[32meth_blockNumber (367)[0m
